2016-05-15 11:10:08 Notice: Notice (8): Undefined variable: personnage in [C:\wamp\www\appjdr\src\Template\Personnages\feuille.ctp, line 3]
Request URL: /personnages/feuille/1
Referer URL: http://localhost:8765/personnages
Client IP: 127.0.0.1
Trace:
Cake\Error\BaseErrorHandler::handleError() - CORE\src\Error\BaseErrorHandler.php, line 146
include - APP/Template\Personnages\feuille.ctp, line 3
Cake\View\View::_evaluate() - CORE\src\View\View.php, line 992
Cake\View\View::_render() - CORE\src\View\View.php, line 952
Cake\View\View::render() - CORE\src\View\View.php, line 587
Cake\Controller\Controller::render() - CORE\src\Controller\Controller.php, line 611
Cake\Routing\Dispatcher::_invoke() - CORE\src\Routing\Dispatcher.php, line 120
Cake\Routing\Dispatcher::dispatch() - CORE\src\Routing\Dispatcher.php, line 87
[main] - ROOT\webroot\index.php, line 37



2016-05-15 11:10:54 Notice: Notice (8): Undefined variable: personnage in [C:\wamp\www\appjdr\src\Template\Personnages\feuille.ctp, line 8]
Request URL: /personnages/feuille/1
Referer URL: http://localhost:8765/personnages
Client IP: 127.0.0.1
Trace:
Cake\Error\BaseErrorHandler::handleError() - CORE\src\Error\BaseErrorHandler.php, line 146
include - APP/Template\Personnages\feuille.ctp, line 8
Cake\View\View::_evaluate() - CORE\src\View\View.php, line 992
Cake\View\View::_render() - CORE\src\View\View.php, line 952
Cake\View\View::render() - CORE\src\View\View.php, line 587
Cake\Controller\Controller::render() - CORE\src\Controller\Controller.php, line 611
Cake\Routing\Dispatcher::_invoke() - CORE\src\Routing\Dispatcher.php, line 120
Cake\Routing\Dispatcher::dispatch() - CORE\src\Routing\Dispatcher.php, line 87
[main] - ROOT\webroot\index.php, line 37



2016-05-15 11:10:56 Notice: Notice (8): Undefined variable: personnage in [C:\wamp\www\appjdr\src\Template\Personnages\feuille.ctp, line 8]
Request URL: /personnages/feuille/1
Referer URL: http://localhost:8765/personnages
Client IP: 127.0.0.1
Trace:
Cake\Error\BaseErrorHandler::handleError() - CORE\src\Error\BaseErrorHandler.php, line 146
include - APP/Template\Personnages\feuille.ctp, line 8
Cake\View\View::_evaluate() - CORE\src\View\View.php, line 992
Cake\View\View::_render() - CORE\src\View\View.php, line 952
Cake\View\View::render() - CORE\src\View\View.php, line 587
Cake\Controller\Controller::render() - CORE\src\Controller\Controller.php, line 611
Cake\Routing\Dispatcher::_invoke() - CORE\src\Routing\Dispatcher.php, line 120
Cake\Routing\Dispatcher::dispatch() - CORE\src\Routing\Dispatcher.php, line 87
[main] - ROOT\webroot\index.php, line 37



2016-05-15 13:21:13 Notice: Notice (8): Undefined variable: personnages in [C:\wamp\www\appjdr\src\Template\Personnages\feuille.ctp, line 54]
Request URL: /personnages/feuille/1
Referer URL: http://localhost:8765/personnages
Client IP: 127.0.0.1
Trace:
Cake\Error\BaseErrorHandler::handleError() - CORE\src\Error\BaseErrorHandler.php, line 146
include - APP/Template\Personnages\feuille.ctp, line 54
Cake\View\View::_evaluate() - CORE\src\View\View.php, line 992
Cake\View\View::_render() - CORE\src\View\View.php, line 952
Cake\View\View::render() - CORE\src\View\View.php, line 587
Cake\Controller\Controller::render() - CORE\src\Controller\Controller.php, line 611
Cake\Routing\Dispatcher::_invoke() - CORE\src\Routing\Dispatcher.php, line 120
Cake\Routing\Dispatcher::dispatch() - CORE\src\Routing\Dispatcher.php, line 87
[main] - ROOT\webroot\index.php, line 37



2016-05-15 13:21:13 Notice: Notice (8): Trying to get property of non-object in [C:\wamp\www\appjdr\src\Template\Personnages\feuille.ctp, line 54]
Request URL: /personnages/feuille/1
Referer URL: http://localhost:8765/personnages
Client IP: 127.0.0.1
Trace:
Cake\Error\BaseErrorHandler::handleError() - CORE\src\Error\BaseErrorHandler.php, line 146
include - APP/Template\Personnages\feuille.ctp, line 54
Cake\View\View::_evaluate() - CORE\src\View\View.php, line 992
Cake\View\View::_render() - CORE\src\View\View.php, line 952
Cake\View\View::render() - CORE\src\View\View.php, line 587
Cake\Controller\Controller::render() - CORE\src\Controller\Controller.php, line 611
Cake\Routing\Dispatcher::_invoke() - CORE\src\Routing\Dispatcher.php, line 120
Cake\Routing\Dispatcher::dispatch() - CORE\src\Routing\Dispatcher.php, line 87
[main] - ROOT\webroot\index.php, line 37



2016-05-15 13:21:13 Notice: Notice (8): Undefined variable: personnages in [C:\wamp\www\appjdr\src\Template\Personnages\feuille.ctp, line 57]
Request URL: /personnages/feuille/1
Referer URL: http://localhost:8765/personnages
Client IP: 127.0.0.1
Trace:
Cake\Error\BaseErrorHandler::handleError() - CORE\src\Error\BaseErrorHandler.php, line 146
include - APP/Template\Personnages\feuille.ctp, line 57
Cake\View\View::_evaluate() - CORE\src\View\View.php, line 992
Cake\View\View::_render() - CORE\src\View\View.php, line 952
Cake\View\View::render() - CORE\src\View\View.php, line 587
Cake\Controller\Controller::render() - CORE\src\Controller\Controller.php, line 611
Cake\Routing\Dispatcher::_invoke() - CORE\src\Routing\Dispatcher.php, line 120
Cake\Routing\Dispatcher::dispatch() - CORE\src\Routing\Dispatcher.php, line 87
[main] - ROOT\webroot\index.php, line 37



2016-05-15 13:21:13 Notice: Notice (8): Trying to get property of non-object in [C:\wamp\www\appjdr\src\Template\Personnages\feuille.ctp, line 57]
Request URL: /personnages/feuille/1
Referer URL: http://localhost:8765/personnages
Client IP: 127.0.0.1
Trace:
Cake\Error\BaseErrorHandler::handleError() - CORE\src\Error\BaseErrorHandler.php, line 146
include - APP/Template\Personnages\feuille.ctp, line 57
Cake\View\View::_evaluate() - CORE\src\View\View.php, line 992
Cake\View\View::_render() - CORE\src\View\View.php, line 952
Cake\View\View::render() - CORE\src\View\View.php, line 587
Cake\Controller\Controller::render() - CORE\src\Controller\Controller.php, line 611
Cake\Routing\Dispatcher::_invoke() - CORE\src\Routing\Dispatcher.php, line 120
Cake\Routing\Dispatcher::dispatch() - CORE\src\Routing\Dispatcher.php, line 87
[main] - ROOT\webroot\index.php, line 37



2016-05-15 13:21:13 Notice: Notice (8): Undefined variable: personnages in [C:\wamp\www\appjdr\src\Template\Personnages\feuille.ctp, line 60]
Request URL: /personnages/feuille/1
Referer URL: http://localhost:8765/personnages
Client IP: 127.0.0.1
Trace:
Cake\Error\BaseErrorHandler::handleError() - CORE\src\Error\BaseErrorHandler.php, line 146
include - APP/Template\Personnages\feuille.ctp, line 60
Cake\View\View::_evaluate() - CORE\src\View\View.php, line 992
Cake\View\View::_render() - CORE\src\View\View.php, line 952
Cake\View\View::render() - CORE\src\View\View.php, line 587
Cake\Controller\Controller::render() - CORE\src\Controller\Controller.php, line 611
Cake\Routing\Dispatcher::_invoke() - CORE\src\Routing\Dispatcher.php, line 120
Cake\Routing\Dispatcher::dispatch() - CORE\src\Routing\Dispatcher.php, line 87
[main] - ROOT\webroot\index.php, line 37



2016-05-15 13:21:13 Notice: Notice (8): Trying to get property of non-object in [C:\wamp\www\appjdr\src\Template\Personnages\feuille.ctp, line 60]
Request URL: /personnages/feuille/1
Referer URL: http://localhost:8765/personnages
Client IP: 127.0.0.1
Trace:
Cake\Error\BaseErrorHandler::handleError() - CORE\src\Error\BaseErrorHandler.php, line 146
include - APP/Template\Personnages\feuille.ctp, line 60
Cake\View\View::_evaluate() - CORE\src\View\View.php, line 992
Cake\View\View::_render() - CORE\src\View\View.php, line 952
Cake\View\View::render() - CORE\src\View\View.php, line 587
Cake\Controller\Controller::render() - CORE\src\Controller\Controller.php, line 611
Cake\Routing\Dispatcher::_invoke() - CORE\src\Routing\Dispatcher.php, line 120
Cake\Routing\Dispatcher::dispatch() - CORE\src\Routing\Dispatcher.php, line 87
[main] - ROOT\webroot\index.php, line 37



2016-05-15 13:21:13 Notice: Notice (8): Undefined variable: personnages in [C:\wamp\www\appjdr\src\Template\Personnages\feuille.ctp, line 67]
Request URL: /personnages/feuille/1
Referer URL: http://localhost:8765/personnages
Client IP: 127.0.0.1
Trace:
Cake\Error\BaseErrorHandler::handleError() - CORE\src\Error\BaseErrorHandler.php, line 146
include - APP/Template\Personnages\feuille.ctp, line 67
Cake\View\View::_evaluate() - CORE\src\View\View.php, line 992
Cake\View\View::_render() - CORE\src\View\View.php, line 952
Cake\View\View::render() - CORE\src\View\View.php, line 587
Cake\Controller\Controller::render() - CORE\src\Controller\Controller.php, line 611
Cake\Routing\Dispatcher::_invoke() - CORE\src\Routing\Dispatcher.php, line 120
Cake\Routing\Dispatcher::dispatch() - CORE\src\Routing\Dispatcher.php, line 87
[main] - ROOT\webroot\index.php, line 37



2016-05-15 13:21:13 Notice: Notice (8): Trying to get property of non-object in [C:\wamp\www\appjdr\src\Template\Personnages\feuille.ctp, line 67]
Request URL: /personnages/feuille/1
Referer URL: http://localhost:8765/personnages
Client IP: 127.0.0.1
Trace:
Cake\Error\BaseErrorHandler::handleError() - CORE\src\Error\BaseErrorHandler.php, line 146
include - APP/Template\Personnages\feuille.ctp, line 67
Cake\View\View::_evaluate() - CORE\src\View\View.php, line 992
Cake\View\View::_render() - CORE\src\View\View.php, line 952
Cake\View\View::render() - CORE\src\View\View.php, line 587
Cake\Controller\Controller::render() - CORE\src\Controller\Controller.php, line 611
Cake\Routing\Dispatcher::_invoke() - CORE\src\Routing\Dispatcher.php, line 120
Cake\Routing\Dispatcher::dispatch() - CORE\src\Routing\Dispatcher.php, line 87
[main] - ROOT\webroot\index.php, line 37



2016-05-15 13:21:13 Notice: Notice (8): Undefined variable: personnages in [C:\wamp\www\appjdr\src\Template\Personnages\feuille.ctp, line 70]
Request URL: /personnages/feuille/1
Referer URL: http://localhost:8765/personnages
Client IP: 127.0.0.1
Trace:
Cake\Error\BaseErrorHandler::handleError() - CORE\src\Error\BaseErrorHandler.php, line 146
include - APP/Template\Personnages\feuille.ctp, line 70
Cake\View\View::_evaluate() - CORE\src\View\View.php, line 992
Cake\View\View::_render() - CORE\src\View\View.php, line 952
Cake\View\View::render() - CORE\src\View\View.php, line 587
Cake\Controller\Controller::render() - CORE\src\Controller\Controller.php, line 611
Cake\Routing\Dispatcher::_invoke() - CORE\src\Routing\Dispatcher.php, line 120
Cake\Routing\Dispatcher::dispatch() - CORE\src\Routing\Dispatcher.php, line 87
[main] - ROOT\webroot\index.php, line 37



2016-05-15 13:21:13 Notice: Notice (8): Trying to get property of non-object in [C:\wamp\www\appjdr\src\Template\Personnages\feuille.ctp, line 70]
Request URL: /personnages/feuille/1
Referer URL: http://localhost:8765/personnages
Client IP: 127.0.0.1
Trace:
Cake\Error\BaseErrorHandler::handleError() - CORE\src\Error\BaseErrorHandler.php, line 146
include - APP/Template\Personnages\feuille.ctp, line 70
Cake\View\View::_evaluate() - CORE\src\View\View.php, line 992
Cake\View\View::_render() - CORE\src\View\View.php, line 952
Cake\View\View::render() - CORE\src\View\View.php, line 587
Cake\Controller\Controller::render() - CORE\src\Controller\Controller.php, line 611
Cake\Routing\Dispatcher::_invoke() - CORE\src\Routing\Dispatcher.php, line 120
Cake\Routing\Dispatcher::dispatch() - CORE\src\Routing\Dispatcher.php, line 87
[main] - ROOT\webroot\index.php, line 37



2016-05-15 13:21:13 Notice: Notice (8): Undefined variable: personnages in [C:\wamp\www\appjdr\src\Template\Personnages\feuille.ctp, line 73]
Request URL: /personnages/feuille/1
Referer URL: http://localhost:8765/personnages
Client IP: 127.0.0.1
Trace:
Cake\Error\BaseErrorHandler::handleError() - CORE\src\Error\BaseErrorHandler.php, line 146
include - APP/Template\Personnages\feuille.ctp, line 73
Cake\View\View::_evaluate() - CORE\src\View\View.php, line 992
Cake\View\View::_render() - CORE\src\View\View.php, line 952
Cake\View\View::render() - CORE\src\View\View.php, line 587
Cake\Controller\Controller::render() - CORE\src\Controller\Controller.php, line 611
Cake\Routing\Dispatcher::_invoke() - CORE\src\Routing\Dispatcher.php, line 120
Cake\Routing\Dispatcher::dispatch() - CORE\src\Routing\Dispatcher.php, line 87
[main] - ROOT\webroot\index.php, line 37



2016-05-15 13:21:13 Notice: Notice (8): Trying to get property of non-object in [C:\wamp\www\appjdr\src\Template\Personnages\feuille.ctp, line 73]
Request URL: /personnages/feuille/1
Referer URL: http://localhost:8765/personnages
Client IP: 127.0.0.1
Trace:
Cake\Error\BaseErrorHandler::handleError() - CORE\src\Error\BaseErrorHandler.php, line 146
include - APP/Template\Personnages\feuille.ctp, line 73
Cake\View\View::_evaluate() - CORE\src\View\View.php, line 992
Cake\View\View::_render() - CORE\src\View\View.php, line 952
Cake\View\View::render() - CORE\src\View\View.php, line 587
Cake\Controller\Controller::render() - CORE\src\Controller\Controller.php, line 611
Cake\Routing\Dispatcher::_invoke() - CORE\src\Routing\Dispatcher.php, line 120
Cake\Routing\Dispatcher::dispatch() - CORE\src\Routing\Dispatcher.php, line 87
[main] - ROOT\webroot\index.php, line 37



